0 info it worked if it ends with ok
1 verbose cli [ 'C:\\Program Files\\nodejs\\node.exe',
1 verbose cli   'C:\\Program Files\\nodejs\\node_modules\\npm\\bin\\npm-cli.js',
1 verbose cli   'start' ]
2 info using npm@3.3.12
3 info using node@v5.3.0
4 verbose run-script [ 'prestart', 'start', 'poststart' ]
5 info lifecycle keep@1.0.0~prestart: keep@1.0.0
6 silly lifecycle keep@1.0.0~prestart: no script for prestart, continuing
7 info lifecycle keep@1.0.0~start: keep@1.0.0
8 verbose lifecycle keep@1.0.0~start: unsafe-perm in lifecycle true
9 verbose lifecycle keep@1.0.0~start: PATH: C:\Program Files\nodejs\node_modules\npm\bin\node-gyp-bin;D:\GitHub\RNBillsManagement\node_modules\.bin;C:\Android\sdk;C:\Python35\Scripts\;C:\Python35\;C:\ProgramData\Oracle\Java\javapath;C:\Program Files (x86)\Intel\TXE Components\TCS\;C:\Program Files\Intel\TXE Components\TCS\;C:\Windows\system32;C:\Windows;C:\Windows\System32\Wbem;C:\Windows\System32\WindowsPowerShell\v1.0\;C:\Program Files\MATLAB\MATLAB Production Server\R2015a\runtime\win64;C:\Program Files\MATLAB\MATLAB Production Server\R2015a\bin;C:\Program Files\MATLAB\R2012a\runtime\win64;C:\Program Files\MATLAB\R2012a\bin;C:\Program Files\Microsoft SQL Server\Client SDK\ODBC\110\Tools\Binn\;C:\Program Files (x86)\Microsoft SQL Server\120\Tools\Binn\;C:\Program Files\Microsoft SQL Server\120\Tools\Binn\;C:\Program Files\Microsoft SQL Server\120\DTS\Binn\;C:\Program Files (x86)\Microsoft SQL Server\120\Tools\Binn\ManagementStudio\;C:\Program Files (x86)\Microsoft SQL Server\120\DTS\Binn\;C:\Program Files\MATLAB\MATLAB Runtime\v85\runtime\win64;C:\Program Files\MATLAB\MATLAB Production Server\R2015a\polyspace\bin;C:\Program Files\MATLAB\R2009a\bin;C:\Program Files\MATLAB\R2009a\bin\win64;C:\Windows\system32\config\systemprofile\.dnx\bin;C:\Program Files\Microsoft DNX\Dnvm\;C:\Program Files (x86)\Windows Kits\10\Windows Performance Toolkit\;C:\Program Files\nodejs\;C:\Program Files (x86)\Skype\Phone\;C:\Android\sdk\platform-tools;C:\Android\sdk;C:\Users\Mădă\.dnx\bin;C:\Users\Mădă\AppData\Roaming\npm;C:\Android\sdk\platform-tools
10 verbose lifecycle keep@1.0.0~start: CWD: D:\GitHub\RNBillsManagement
11 silly lifecycle keep@1.0.0~start: Args: [ '/d /s /c', 'nodemon --exec npm run babel-node' ]
12 silly lifecycle keep@1.0.0~start: Returned: code: 1  signal: null
13 info lifecycle keep@1.0.0~start: Failed to exec start script
14 verbose stack Error: keep@1.0.0 start: `nodemon --exec npm run babel-node`
14 verbose stack Exit status 1
14 verbose stack     at EventEmitter.<anonymous> (C:\Program Files\nodejs\node_modules\npm\lib\utils\lifecycle.js:232:16)
14 verbose stack     at emitTwo (events.js:87:13)
14 verbose stack     at EventEmitter.emit (events.js:172:7)
14 verbose stack     at ChildProcess.<anonymous> (C:\Program Files\nodejs\node_modules\npm\lib\utils\spawn.js:24:14)
14 verbose stack     at emitTwo (events.js:87:13)
14 verbose stack     at ChildProcess.emit (events.js:172:7)
14 verbose stack     at maybeClose (internal/child_process.js:818:16)
14 verbose stack     at Process.ChildProcess._handle.onexit (internal/child_process.js:211:5)
15 verbose pkgid keep@1.0.0
16 verbose cwd D:\GitHub\RNBillsManagement
17 error Windows_NT 6.3.9600
18 error argv "C:\\Program Files\\nodejs\\node.exe" "C:\\Program Files\\nodejs\\node_modules\\npm\\bin\\npm-cli.js" "start"
19 error node v5.3.0
20 error npm  v3.3.12
21 error code ELIFECYCLE
22 error keep@1.0.0 start: `nodemon --exec npm run babel-node`
22 error Exit status 1
23 error Failed at the keep@1.0.0 start script 'nodemon --exec npm run babel-node'.
23 error Make sure you have the latest version of node.js and npm installed.
23 error If you do, this is most likely a problem with the keep package,
23 error not with npm itself.
23 error Tell the author that this fails on your system:
23 error     nodemon --exec npm run babel-node
23 error You can get their info via:
23 error     npm owner ls keep
23 error There is likely additional logging output above.
24 verbose exit [ 1, true ]
